chunk-BZZACD7G.js:63 [VSCodeService] Received RPC response: {type: 'rpc:response', requestId: 'cdc08f41-3cdf-492d-868a-cbef832919da', correlationId: 'cdc08f41-3cdf-492d-868a-cbef832919da', success: true, data: {…}, …}
chunk-XK56SZ22.js:1 [TabManager] Tab state saved to localStorage
chunk-XK56SZ22.js:1 [TabManager] Created new tab for session: d4ca610e-5774-449e-bc34-c35116c5f313 -> tab_1766862472864_fgswr4i
chunk-XK56SZ22.js:1 [TabManager] Tab state saved to localStorage
main.js:2 [SessionLoaderService] Triggering SDK resume for session: d4ca610e-5774-449e-bc34-c35116c5f313 tabId: tab_1766862472864_fgswr4i
chunk-BZZACD7G.js:63 [CommandDiscoveryFacade] Cache cleared
main.js:4 [ChatInputComponent] Session changed, cache cleared {sessionId: 'tab_1766862472864_fgswr4i'}
workbench.desktop.main.js:3336 [Extension Host] [INFO] [SessionHistoryReader] Converted to stream events {arg0: {…}} (at console.<anonymous> (file:///c:/Users/abdal/AppData/Local/Programs/Antigravity/resources/app/out/vs/workbench/api/node/extensionHostProcess.js:203:32649))
workbench.desktop.main.js:3336 [Extension Host] [INFO] [RPC] Session history loaded from JSONL {arg0: {…}} (at console.<anonymous> (file:///c:/Users/abdal/AppData/Local/Programs/Antigravity/resources/app/out/vs/workbench/api/node/extensionHostProcess.js:203:32649))
chunk-BZZACD7G.js:63 [VSCodeService] CHAT_CHUNK received! {hasPayload: true, hasChatStore: true}
chunk-BZZACD7G.js:63 [VSCodeService] Processing CHAT_CHUNK event {tabId: 'tab_1766862472864_fgswr4i', sessionId: 'd4ca610e-5774-449e-bc34-c35116c5f313', eventType: 'message_start', messageId: 'b5edae42-f1cd-4408-a3a7-2cff46553a48'}
main.js:3 [ChatStore] processStreamEvent called: {tabId: 'tab_1766862472864_fgswr4i', sessionId: 'd4ca610e-5774-449e-bc34-c35116c5f313', eventType: 'message_start', messageId: 'b5edae42-f1cd-4408-a3a7-2cff46553a48'}
chunk-XK56SZ22.js:1 [StreamingHandlerService] processStreamEvent called: {eventType: 'message_start', sessionId: 'd4ca610e-5774-449e-bc34-c35116c5f313', messageId: 'b5edae42-f1cd-4408-a3a7-2cff46553a48', tabId: 'tab_1766862472864_fgswr4i', providedSessionId: 'd4ca610e-5774-449e-bc34-c35116c5f313'}
chunk-XK56SZ22.js:1 [StreamingHandlerService] findTabByTabId result: {found: true, tabId: 'tab_1766862472864_fgswr4i', targetTabClaudeSessionId: 'd4ca610e-5774-449e-bc34-c35116c5f313'}
chunk-XK56SZ22.js:1 [TabManager] Tab state saved to localStorage
chunk-XK56SZ22.js:1 [TabManager] Tab state saved to localStorage
chunk-BZZACD7G.js:63 [CommandDiscoveryFacade] Cache cleared
main.js:4 [ChatInputComponent] Session changed, cache cleared {sessionId: 'tab_1766862472864_fgswr4i'}
chunk-BZZACD7G.js:63 [VSCodeService] CHAT_CHUNK received! {hasPayload: true, hasChatStore: true}
chunk-BZZACD7G.js:63 [VSCodeService] Processing CHAT_CHUNK event {tabId: 'tab_1766862472864_fgswr4i', sessionId: 'd4ca610e-5774-449e-bc34-c35116c5f313', eventType: 'text_delta', messageId: 'b5edae42-f1cd-4408-a3a7-2cff46553a48'}
main.js:3 [ChatStore] processStreamEvent called: {tabId: 'tab_1766862472864_fgswr4i', sessionId: 'd4ca610e-5774-449e-bc34-c35116c5f313', eventType: 'text_delta', messageId: 'b5edae42-f1cd-4408-a3a7-2cff46553a48'}
chunk-XK56SZ22.js:1 [StreamingHandlerService] processStreamEvent called: {eventType: 'text_delta', sessionId: 'd4ca610e-5774-449e-bc34-c35116c5f313', messageId: 'b5edae42-f1cd-4408-a3a7-2cff46553a48', tabId: 'tab_1766862472864_fgswr4i', providedSessionId: 'd4ca610e-5774-449e-bc34-c35116c5f313'}
chunk-XK56SZ22.js:1 [StreamingHandlerService] findTabByTabId result: {found: true, tabId: 'tab_1766862472864_fgswr4i', targetTabClaudeSessionId: 'd4ca610e-5774-449e-bc34-c35116c5f313'}
chunk-XK56SZ22.js:1 [TabManager] Tab state saved to localStorage
chunk-BZZACD7G.js:63 [CommandDiscoveryFacade] Cache cleared
main.js:4 [ChatInputComponent] Session changed, cache cleared {sessionId: 'tab_1766862472864_fgswr4i'}
chunk-BZZACD7G.js:63 [VSCodeService] CHAT_CHUNK received! {hasPayload: true, hasChatStore: true}
workbench.desktop.main.js:3336 [Extension Host] [INFO] [RPC] Session d4ca610e-5774-449e-bc34-c35116c5f313 history streamed (tabId: tab_1766862472864_fgswr4i) (at console.<anonymous> (file:///c:/Users/abdal/AppData/Local/Programs/Antigravity/resources/app/out/vs/workbench/api/node/extensionHostProcess.js:203:32649))
chunk-BZZACD7G.js:63 [VSCodeService] Processing CHAT_CHUNK event {tabId: 'tab_1766862472864_fgswr4i', sessionId: 'd4ca610e-5774-449e-bc34-c35116c5f313', eventType: 'message_complete', messageId: 'b5edae42-f1cd-4408-a3a7-2cff46553a48'}
main.js:3 [ChatStore] processStreamEvent called: {tabId: 'tab_1766862472864_fgswr4i', sessionId: 'd4ca610e-5774-449e-bc34-c35116c5f313', eventType: 'message_complete', messageId: 'b5edae42-f1cd-4408-a3a7-2cff46553a48'}
chunk-XK56SZ22.js:1 [StreamingHandlerService] processStreamEvent called: {eventType: 'message_complete', sessionId: 'd4ca610e-5774-449e-bc34-c35116c5f313', messageId: 'b5edae42-f1cd-4408-a3a7-2cff46553a48', tabId: 'tab_1766862472864_fgswr4i', providedSessionId: 'd4ca610e-5774-449e-bc34-c35116c5f313'}
chunk-XK56SZ22.js:1 [StreamingHandlerService] findTabByTabId result: {found: true, tabId: 'tab_1766862472864_fgswr4i', targetTabClaudeSessionId: 'd4ca610e-5774-449e-bc34-c35116c5f313'}
chunk-XK56SZ22.js:1 [TabManager] Tab state saved to localStorage
chunk-BZZACD7G.js:63 [VSCodeService] CHAT_CHUNK received! {hasPayload: true, hasChatStore: true}
chunk-BZZACD7G.js:63 [VSCodeService] Processing CHAT_CHUNK event {tabId: 'tab_1766862472864_fgswr4i', sessionId: 'd4ca610e-5774-449e-bc34-c35116c5f313', eventType: 'message_start', messageId: '3f78730a-8b91-476f-8b75-b32961c6ec90'}
main.js:3 [ChatStore] processStreamEvent called: {tabId: 'tab_1766862472864_fgswr4i', sessionId: 'd4ca610e-5774-449e-bc34-c35116c5f313', eventType: 'message_start', messageId: '3f78730a-8b91-476f-8b75-b32961c6ec90'}
chunk-XK56SZ22.js:1 [StreamingHandlerService] processStreamEvent called: {eventType: 'message_start', sessionId: 'd4ca610e-5774-449e-bc34-c35116c5f313', messageId: '3f78730a-8b91-476f-8b75-b32961c6ec90', tabId: 'tab_1766862472864_fgswr4i', providedSessionId: 'd4ca610e-5774-449e-bc34-c35116c5f313'}
chunk-XK56SZ22.js:1 [StreamingHandlerService] findTabByTabId result: {found: true, tabId: 'tab_1766862472864_fgswr4i', targetTabClaudeSessionId: 'd4ca610e-5774-449e-bc34-c35116c5f313'}
chunk-XK56SZ22.js:1 [TabManager] Tab state saved to localStorage
chunk-BZZACD7G.js:63 [VSCodeService] CHAT_CHUNK received! {hasPayload: true, hasChatStore: true}
chunk-BZZACD7G.js:63 [VSCodeService] Processing CHAT_CHUNK event {tabId: 'tab_1766862472864_fgswr4i', sessionId: 'd4ca610e-5774-449e-bc34-c35116c5f313', eventType: 'text_delta', messageId: '3f78730a-8b91-476f-8b75-b32961c6ec90'}
main.js:3 [ChatStore] processStreamEvent called: {tabId: 'tab_1766862472864_fgswr4i', sessionId: 'd4ca610e-5774-449e-bc34-c35116c5f313', eventType: 'text_delta', messageId: '3f78730a-8b91-476f-8b75-b32961c6ec90'}
chunk-XK56SZ22.js:1 [StreamingHandlerService] processStreamEvent called: {eventType: 'text_delta', sessionId: 'd4ca610e-5774-449e-bc34-c35116c5f313', messageId: '3f78730a-8b91-476f-8b75-b32961c6ec90', tabId: 'tab_1766862472864_fgswr4i', providedSessionId: 'd4ca610e-5774-449e-bc34-c35116c5f313'}
chunk-XK56SZ22.js:1 [StreamingHandlerService] findTabByTabId result: {found: true, tabId: 'tab_1766862472864_fgswr4i', targetTabClaudeSessionId: 'd4ca610e-5774-449e-bc34-c35116c5f313'}
chunk-XK56SZ22.js:1 [TabManager] Tab state saved to localStorage
chunk-BZZACD7G.js:63 [CommandDiscoveryFacade] Cache cleared
main.js:4 [ChatInputComponent] Session changed, cache cleared {sessionId: 'tab_1766862472864_fgswr4i'}
chunk-BZZACD7G.js:63 [VSCodeService] CHAT_CHUNK received! {hasPayload: true, hasChatStore: true}
chunk-BZZACD7G.js:63 [VSCodeService] Processing CHAT_CHUNK event {tabId: 'tab_1766862472864_fgswr4i', sessionId: 'd4ca610e-5774-449e-bc34-c35116c5f313', eventType: 'message_complete', messageId: '3f78730a-8b91-476f-8b75-b32961c6ec90'}
main.js:3 [ChatStore] processStreamEvent called: {tabId: 'tab_1766862472864_fgswr4i', sessionId: 'd4ca610e-5774-449e-bc34-c35116c5f313', eventType: 'message_complete', messageId: '3f78730a-8b91-476f-8b75-b32961c6ec90'}
chunk-XK56SZ22.js:1 [StreamingHandlerService] processStreamEvent called: {eventType: 'message_complete', sessionId: 'd4ca610e-5774-449e-bc34-c35116c5f313', messageId: '3f78730a-8b91-476f-8b75-b32961c6ec90', tabId: 'tab_1766862472864_fgswr4i', providedSessionId: 'd4ca610e-5774-449e-bc34-c35116c5f313'}
chunk-XK56SZ22.js:1 [StreamingHandlerService] findTabByTabId result: {found: true, tabId: 'tab_1766862472864_fgswr4i', targetTabClaudeSessionId: 'd4ca610e-5774-449e-bc34-c35116c5f313'}
chunk-XK56SZ22.js:1 [TabManager] Tab state saved to localStorage
chunk-BZZACD7G.js:63 [CommandDiscoveryFacade] Cache cleared
main.js:4 [ChatInputComponent] Session changed, cache cleared {sessionId: 'tab_1766862472864_fgswr4i'}
chunk-BZZACD7G.js:63 [VSCodeService] Chat complete: {tabId: 'tab_1766862472864_fgswr4i', sessionId: 'd4ca610e-5774-449e-bc34-c35116c5f313', code: undefined}
main.js:3 [ChatStore] Chat complete: {tabId: 'tab_1766862472864_fgswr4i', sessionId: 'd4ca610e-5774-449e-bc34-c35116c5f313', code: 0}
chunk-XK56SZ22.js:1 [StreamingHandlerService] 📊 Finalizing message - streaming state: {messageId: '3f78730a-8b91-476f-8b75-b32961c6ec90', eventCount: 6, hasTokenUsage: false}
chunk-XK56SZ22.js:1 [StreamingHandlerService] ⚠️ No message_complete event found!
finalizeCurrentMessage @ chunk-XK56SZ22.js:1
finalizeCurrentMessage @ main.js:3
handleChatComplete @ main.js:3
(anonymous) @ chunk-BZZACD7G.js:63
invokeTask @ polyfills.js:1
onInvokeTask @ chunk-CQCUEO4Q.js:4
invokeTask @ polyfills.js:1
runTask @ polyfills.js:1
invokeTask @ polyfills.js:1
L @ polyfills.js:1
H @ polyfills.js:1
z @ polyfills.js:1
postMessage
(anonymous) @ index.html?id=5a0ad08a-170a-4eee-9954-4304eb917943&parentId=3&origin=938a5e7d-5586-4f0e-b9b9-73787f8dd362&swVersion=4&extensionId=ptah-extensions.ptah-extension-vscode&platform=electron&vscode-resource-base-authority=vscode-resource.vscode-cdn.net&parentOrigin=vscode-file%3A%2F%2Fvscode-app&purpose=webviewView:1282
HostMessaging.channel.port1.onmessage @ index.html?id=5a0ad08a-170a-4eee-9954-4304eb917943&parentId=3&origin=938a5e7d-5586-4f0e-b9b9-73787f8dd362&swVersion=4&extensionId=ptah-extensions.ptah-extension-vscode&platform=electron&vscode-resource-base-authority=vscode-resource.vscode-cdn.net&parentOrigin=vscode-file%3A%2F%2Fvscode-app&purpose=webviewView:342
chunk-XK56SZ22.js:1 [StreamingHandlerService] 📝 Created assistant message: {messageId: '3f78730a-8b91-476f-8b75-b32961c6ec90', hasTree: true, treeNodeCount: 2, hasTokens: false, tokens: undefined, …}
chunk-XK56SZ22.js:1 [TabManager] Tab state saved to localStorage
chunk-XK56SZ22.js:1 [TabManager] Tab state saved to localStorage
main.js:3 [ChatStore] Chat state reset to loaded for tab tab_1766862472864_fgswr4i (exit code: 0 )
chunk-BZZACD7G.js:63 [CommandDiscoveryFacade] Cache cleared
main.js:4 [ChatInputComponent] Session changed, cache cleared {sessionId: 'tab_1766862472864_fgswr4i'}
chunk-BZZACD7G.js:63 [VSCodeService] Received RPC response: {type: 'rpc:response', requestId: '045a7e8e-a533-498b-a98d-ef3ca66dcdae', correlationId: '045a7e8e-a533-498b-a98d-ef3ca66dcdae', success: true, data: {…}, …}
main.js:2 [SessionLoaderService] SDK resume triggered successfully
