chunk-ZXRFHM54.js:63 [VSCodeService] Received RPC response: {type: 'rpc:response', correlationId: 'eb2bbde8-40e5-46ce-92c8-2a9a3ae5cc1b', success: true, data: {…}}
chunk-CA5XWSE7.js:1 [TabManager] Created new tab for session: 84a4ad4c-f6cf-4029-b83c-43d10a39ceb2 -> tab_1766942508490_gpz5jja
main.js:2 [SessionLoaderService] Loading session history: 84a4ad4c-f6cf-4029-b83c-43d10a39ceb2 tabId: tab_1766942508490_gpz5jja
chunk-CA5XWSE7.js:1 [StreamingHandlerService] Cleaned up deduplication state for session: 84a4ad4c-f6cf-4029-b83c-43d10a39ceb2
workbench.desktop.main.js:3336 [Extension Host] [INFO] [SessionHistoryReader] Converted to stream events: {"eventCount":42} (at console.<anonymous> (file:///c:/Users/abdal/AppData/Local/Programs/Antigravity/resources/app/out/vs/workbench/api/node/extensionHostProcess.js:203:32649))
workbench.desktop.main.js:3336 [Extension Host] [INFO] [SessionHistoryReader] Loaded history as messages: {"sessionId":"84a4ad4c-f6cf-4029-b83c-43d10a39ceb2","messageCount":11} (at console.<anonymous> (file:///c:/Users/abdal/AppData/Local/Programs/Antigravity/resources/app/out/vs/workbench/api/node/extensionHostProcess.js:203:32649))
workbench.desktop.main.js:3336 [Extension Host] [INFO] [RPC] Session history loaded from JSONL: {"sessionId":"84a4ad4c-f6cf-4029-b83c-43d10a39ceb2","messageCount":11,"eventCount":42} (at console.<anonymous> (file:///c:/Users/abdal/AppData/Local/Programs/Antigravity/resources/app/out/vs/workbench/api/node/extensionHostProcess.js:203:32649))
chunk-ZXRFHM54.js:63 [VSCodeService] Received RPC response: {type: 'rpc:response', correlationId: '862b5ca2-3312-4d72-a162-2b7570ceb87f', success: true, data: {…}}
main.js:2 [SessionLoaderService] Session history loaded {eventCount: 42, messageCount: 11, eventTypeCounts: {…}, toolStartEvents: 8}
chunk-CA5XWSE7.js:1 [StreamingHandlerService] processStreamEvent called: {eventType: 'message_start', sessionId: '84a4ad4c-f6cf-4029-b83c-43d10a39ceb2', messageId: '4e9e164f-9be7-40d9-8335-1b3867aa328d', tabId: 'tab_1766942508490_gpz5jja', providedSessionId: '84a4ad4c-f6cf-4029-b83c-43d10a39ceb2'}
chunk-CA5XWSE7.js:1 [StreamingHandlerService] findTabByTabId result: {found: true, tabId: 'tab_1766942508490_gpz5jja', targetTabClaudeSessionId: '84a4ad4c-f6cf-4029-b83c-43d10a39ceb2'}
chunk-CA5XWSE7.js:1 [StreamingHandlerService] processStreamEvent called: {eventType: 'text_delta', sessionId: '84a4ad4c-f6cf-4029-b83c-43d10a39ceb2', messageId: '4e9e164f-9be7-40d9-8335-1b3867aa328d', tabId: 'tab_1766942508490_gpz5jja', providedSessionId: '84a4ad4c-f6cf-4029-b83c-43d10a39ceb2'}
chunk-CA5XWSE7.js:1 [StreamingHandlerService] findTabByTabId result: {found: true, tabId: 'tab_1766942508490_gpz5jja', targetTabClaudeSessionId: '84a4ad4c-f6cf-4029-b83c-43d10a39ceb2'}
chunk-CA5XWSE7.js:1 [StreamingHandlerService] processStreamEvent called: {eventType: 'message_complete', sessionId: '84a4ad4c-f6cf-4029-b83c-43d10a39ceb2', messageId: '4e9e164f-9be7-40d9-8335-1b3867aa328d', tabId: 'tab_1766942508490_gpz5jja', providedSessionId: '84a4ad4c-f6cf-4029-b83c-43d10a39ceb2'}
chunk-CA5XWSE7.js:1 [StreamingHandlerService] findTabByTabId result: {found: true, tabId: 'tab_1766942508490_gpz5jja', targetTabClaudeSessionId: '84a4ad4c-f6cf-4029-b83c-43d10a39ceb2'}
chunk-CA5XWSE7.js:1 [StreamingHandlerService] processStreamEvent called: {eventType: 'message_start', sessionId: '84a4ad4c-f6cf-4029-b83c-43d10a39ceb2', messageId: 'b34518b8-fea4-45f4-b688-b92495a3be86', tabId: 'tab_1766942508490_gpz5jja', providedSessionId: '84a4ad4c-f6cf-4029-b83c-43d10a39ceb2'}
chunk-CA5XWSE7.js:1 [StreamingHandlerService] findTabByTabId result: {found: true, tabId: 'tab_1766942508490_gpz5jja', targetTabClaudeSessionId: '84a4ad4c-f6cf-4029-b83c-43d10a39ceb2'}
chunk-CA5XWSE7.js:1 [StreamingHandlerService] processStreamEvent called: {eventType: 'text_delta', sessionId: '84a4ad4c-f6cf-4029-b83c-43d10a39ceb2', messageId: 'b34518b8-fea4-45f4-b688-b92495a3be86', tabId: 'tab_1766942508490_gpz5jja', providedSessionId: '84a4ad4c-f6cf-4029-b83c-43d10a39ceb2'}
chunk-CA5XWSE7.js:1 [StreamingHandlerService] findTabByTabId result: {found: true, tabId: 'tab_1766942508490_gpz5jja', targetTabClaudeSessionId: '84a4ad4c-f6cf-4029-b83c-43d10a39ceb2'}
chunk-CA5XWSE7.js:1 [StreamingHandlerService] processStreamEvent called: {eventType: 'tool_start', sessionId: '84a4ad4c-f6cf-4029-b83c-43d10a39ceb2', messageId: 'b34518b8-fea4-45f4-b688-b92495a3be86', tabId: 'tab_1766942508490_gpz5jja', providedSessionId: '84a4ad4c-f6cf-4029-b83c-43d10a39ceb2'}
chunk-CA5XWSE7.js:1 [StreamingHandlerService] findTabByTabId result: {found: true, tabId: 'tab_1766942508490_gpz5jja', targetTabClaudeSessionId: '84a4ad4c-f6cf-4029-b83c-43d10a39ceb2'}
chunk-CA5XWSE7.js:1 [StreamingHandlerService] processStreamEvent called: {eventType: 'tool_result', sessionId: '84a4ad4c-f6cf-4029-b83c-43d10a39ceb2', messageId: 'b34518b8-fea4-45f4-b688-b92495a3be86', tabId: 'tab_1766942508490_gpz5jja', providedSessionId: '84a4ad4c-f6cf-4029-b83c-43d10a39ceb2'}
chunk-CA5XWSE7.js:1 [StreamingHandlerService] findTabByTabId result: {found: true, tabId: 'tab_1766942508490_gpz5jja', targetTabClaudeSessionId: '84a4ad4c-f6cf-4029-b83c-43d10a39ceb2'}
chunk-CA5XWSE7.js:1 [StreamingHandlerService] TOOL_RESULT received! {toolCallId: 'toolu_bdrk_019pTc2qWLo2SbiudDfeZEng', messageId: 'b34518b8-fea4-45f4-b688-b92495a3be86', sessionId: '84a4ad4c-f6cf-4029-b83c-43d10a39ceb2', outputLength: 231, isError: false}
chunk-CA5XWSE7.js:1 [StreamingHandlerService] processStreamEvent called: {eventType: 'text_delta', sessionId: '84a4ad4c-f6cf-4029-b83c-43d10a39ceb2', messageId: 'b34518b8-fea4-45f4-b688-b92495a3be86', tabId: 'tab_1766942508490_gpz5jja', providedSessionId: '84a4ad4c-f6cf-4029-b83c-43d10a39ceb2'}
chunk-CA5XWSE7.js:1 [StreamingHandlerService] findTabByTabId result: {found: true, tabId: 'tab_1766942508490_gpz5jja', targetTabClaudeSessionId: '84a4ad4c-f6cf-4029-b83c-43d10a39ceb2'}
chunk-CA5XWSE7.js:1 [StreamingHandlerService] processStreamEvent called: {eventType: 'tool_start', sessionId: '84a4ad4c-f6cf-4029-b83c-43d10a39ceb2', messageId: 'b34518b8-fea4-45f4-b688-b92495a3be86', tabId: 'tab_1766942508490_gpz5jja', providedSessionId: '84a4ad4c-f6cf-4029-b83c-43d10a39ceb2'}
chunk-CA5XWSE7.js:1 [StreamingHandlerService] findTabByTabId result: {found: true, tabId: 'tab_1766942508490_gpz5jja', targetTabClaudeSessionId: '84a4ad4c-f6cf-4029-b83c-43d10a39ceb2'}
chunk-CA5XWSE7.js:1 [StreamingHandlerService] processStreamEvent called: {eventType: 'tool_result', sessionId: '84a4ad4c-f6cf-4029-b83c-43d10a39ceb2', messageId: 'b34518b8-fea4-45f4-b688-b92495a3be86', tabId: 'tab_1766942508490_gpz5jja', providedSessionId: '84a4ad4c-f6cf-4029-b83c-43d10a39ceb2'}
chunk-CA5XWSE7.js:1 [StreamingHandlerService] findTabByTabId result: {found: true, tabId: 'tab_1766942508490_gpz5jja', targetTabClaudeSessionId: '84a4ad4c-f6cf-4029-b83c-43d10a39ceb2'}
chunk-CA5XWSE7.js:1 [StreamingHandlerService] TOOL_RESULT received! {toolCallId: 'toolu_bdrk_014xUEg4jRnRPYcq1CENNhA7', messageId: 'b34518b8-fea4-45f4-b688-b92495a3be86', sessionId: '84a4ad4c-f6cf-4029-b83c-43d10a39ceb2', outputLength: 2816, isError: false}
chunk-CA5XWSE7.js:1 [StreamingHandlerService] processStreamEvent called: {eventType: 'tool_start', sessionId: '84a4ad4c-f6cf-4029-b83c-43d10a39ceb2', messageId: 'b34518b8-fea4-45f4-b688-b92495a3be86', tabId: 'tab_1766942508490_gpz5jja', providedSessionId: '84a4ad4c-f6cf-4029-b83c-43d10a39ceb2'}
chunk-CA5XWSE7.js:1 [StreamingHandlerService] findTabByTabId result: {found: true, tabId: 'tab_1766942508490_gpz5jja', targetTabClaudeSessionId: '84a4ad4c-f6cf-4029-b83c-43d10a39ceb2'}
chunk-CA5XWSE7.js:1 [StreamingHandlerService] processStreamEvent called: {eventType: 'tool_result', sessionId: '84a4ad4c-f6cf-4029-b83c-43d10a39ceb2', messageId: 'b34518b8-fea4-45f4-b688-b92495a3be86', tabId: 'tab_1766942508490_gpz5jja', providedSessionId: '84a4ad4c-f6cf-4029-b83c-43d10a39ceb2'}
chunk-CA5XWSE7.js:1 [StreamingHandlerService] findTabByTabId result: {found: true, tabId: 'tab_1766942508490_gpz5jja', targetTabClaudeSessionId: '84a4ad4c-f6cf-4029-b83c-43d10a39ceb2'}
chunk-CA5XWSE7.js:1 [StreamingHandlerService] TOOL_RESULT received! {toolCallId: 'toolu_bdrk_01AwMUMnTBLhCP32s9uM2bcG', messageId: 'b34518b8-fea4-45f4-b688-b92495a3be86', sessionId: '84a4ad4c-f6cf-4029-b83c-43d10a39ceb2', outputLength: 16875, isError: false}
chunk-CA5XWSE7.js:1 [StreamingHandlerService] processStreamEvent called: {eventType: 'tool_start', sessionId: '84a4ad4c-f6cf-4029-b83c-43d10a39ceb2', messageId: 'b34518b8-fea4-45f4-b688-b92495a3be86', tabId: 'tab_1766942508490_gpz5jja', providedSessionId: '84a4ad4c-f6cf-4029-b83c-43d10a39ceb2'}
chunk-CA5XWSE7.js:1 [StreamingHandlerService] findTabByTabId result: {found: true, tabId: 'tab_1766942508490_gpz5jja', targetTabClaudeSessionId: '84a4ad4c-f6cf-4029-b83c-43d10a39ceb2'}
chunk-CA5XWSE7.js:1 [StreamingHandlerService] processStreamEvent called: {eventType: 'tool_result', sessionId: '84a4ad4c-f6cf-4029-b83c-43d10a39ceb2', messageId: 'b34518b8-fea4-45f4-b688-b92495a3be86', tabId: 'tab_1766942508490_gpz5jja', providedSessionId: '84a4ad4c-f6cf-4029-b83c-43d10a39ceb2'}
chunk-CA5XWSE7.js:1 [StreamingHandlerService] findTabByTabId result: {found: true, tabId: 'tab_1766942508490_gpz5jja', targetTabClaudeSessionId: '84a4ad4c-f6cf-4029-b83c-43d10a39ceb2'}
chunk-CA5XWSE7.js:1 [StreamingHandlerService] TOOL_RESULT received! {toolCallId: 'toolu_bdrk_016fxbDpCjb9Q1bHNoJjMQmh', messageId: 'b34518b8-fea4-45f4-b688-b92495a3be86', sessionId: '84a4ad4c-f6cf-4029-b83c-43d10a39ceb2', outputLength: 2960, isError: false}
chunk-CA5XWSE7.js:1 [StreamingHandlerService] processStreamEvent called: {eventType: 'text_delta', sessionId: '84a4ad4c-f6cf-4029-b83c-43d10a39ceb2', messageId: 'b34518b8-fea4-45f4-b688-b92495a3be86', tabId: 'tab_1766942508490_gpz5jja', providedSessionId: '84a4ad4c-f6cf-4029-b83c-43d10a39ceb2'}
chunk-CA5XWSE7.js:1 [StreamingHandlerService] findTabByTabId result: {found: true, tabId: 'tab_1766942508490_gpz5jja', targetTabClaudeSessionId: '84a4ad4c-f6cf-4029-b83c-43d10a39ceb2'}
chunk-CA5XWSE7.js:1 [StreamingHandlerService] processStreamEvent called: {eventType: 'message_complete', sessionId: '84a4ad4c-f6cf-4029-b83c-43d10a39ceb2', messageId: 'b34518b8-fea4-45f4-b688-b92495a3be86', tabId: 'tab_1766942508490_gpz5jja', providedSessionId: '84a4ad4c-f6cf-4029-b83c-43d10a39ceb2'}
chunk-CA5XWSE7.js:1 [StreamingHandlerService] findTabByTabId result: {found: true, tabId: 'tab_1766942508490_gpz5jja', targetTabClaudeSessionId: '84a4ad4c-f6cf-4029-b83c-43d10a39ceb2'}
chunk-CA5XWSE7.js:1 [StreamingHandlerService] processStreamEvent called: {eventType: 'message_start', sessionId: '84a4ad4c-f6cf-4029-b83c-43d10a39ceb2', messageId: '172380b7-4085-4e12-9347-e1b69e3b0353', tabId: 'tab_1766942508490_gpz5jja', providedSessionId: '84a4ad4c-f6cf-4029-b83c-43d10a39ceb2'}
chunk-CA5XWSE7.js:1 [StreamingHandlerService] findTabByTabId result: {found: true, tabId: 'tab_1766942508490_gpz5jja', targetTabClaudeSessionId: '84a4ad4c-f6cf-4029-b83c-43d10a39ceb2'}
chunk-CA5XWSE7.js:1 [StreamingHandlerService] processStreamEvent called: {eventType: 'text_delta', sessionId: '84a4ad4c-f6cf-4029-b83c-43d10a39ceb2', messageId: '172380b7-4085-4e12-9347-e1b69e3b0353', tabId: 'tab_1766942508490_gpz5jja', providedSessionId: '84a4ad4c-f6cf-4029-b83c-43d10a39ceb2'}
chunk-CA5XWSE7.js:1 [StreamingHandlerService] findTabByTabId result: {found: true, tabId: 'tab_1766942508490_gpz5jja', targetTabClaudeSessionId: '84a4ad4c-f6cf-4029-b83c-43d10a39ceb2'}
chunk-CA5XWSE7.js:1 [StreamingHandlerService] processStreamEvent called: {eventType: 'message_complete', sessionId: '84a4ad4c-f6cf-4029-b83c-43d10a39ceb2', messageId: '172380b7-4085-4e12-9347-e1b69e3b0353', tabId: 'tab_1766942508490_gpz5jja', providedSessionId: '84a4ad4c-f6cf-4029-b83c-43d10a39ceb2'}
chunk-CA5XWSE7.js:1 [StreamingHandlerService] findTabByTabId result: {found: true, tabId: 'tab_1766942508490_gpz5jja', targetTabClaudeSessionId: '84a4ad4c-f6cf-4029-b83c-43d10a39ceb2'}
chunk-CA5XWSE7.js:1 [StreamingHandlerService] processStreamEvent called: {eventType: 'message_start', sessionId: '84a4ad4c-f6cf-4029-b83c-43d10a39ceb2', messageId: 'c8d32af4-4075-471b-9239-a71eb261b795', tabId: 'tab_1766942508490_gpz5jja', providedSessionId: '84a4ad4c-f6cf-4029-b83c-43d10a39ceb2'}
chunk-CA5XWSE7.js:1 [StreamingHandlerService] findTabByTabId result: {found: true, tabId: 'tab_1766942508490_gpz5jja', targetTabClaudeSessionId: '84a4ad4c-f6cf-4029-b83c-43d10a39ceb2'}
chunk-CA5XWSE7.js:1 [StreamingHandlerService] processStreamEvent called: {eventType: 'text_delta', sessionId: '84a4ad4c-f6cf-4029-b83c-43d10a39ceb2', messageId: 'c8d32af4-4075-471b-9239-a71eb261b795', tabId: 'tab_1766942508490_gpz5jja', providedSessionId: '84a4ad4c-f6cf-4029-b83c-43d10a39ceb2'}
chunk-CA5XWSE7.js:1 [StreamingHandlerService] findTabByTabId result: {found: true, tabId: 'tab_1766942508490_gpz5jja', targetTabClaudeSessionId: '84a4ad4c-f6cf-4029-b83c-43d10a39ceb2'}
chunk-CA5XWSE7.js:1 [StreamingHandlerService] processStreamEvent called: {eventType: 'message_complete', sessionId: '84a4ad4c-f6cf-4029-b83c-43d10a39ceb2', messageId: 'c8d32af4-4075-471b-9239-a71eb261b795', tabId: 'tab_1766942508490_gpz5jja', providedSessionId: '84a4ad4c-f6cf-4029-b83c-43d10a39ceb2'}
chunk-CA5XWSE7.js:1 [StreamingHandlerService] findTabByTabId result: {found: true, tabId: 'tab_1766942508490_gpz5jja', targetTabClaudeSessionId: '84a4ad4c-f6cf-4029-b83c-43d10a39ceb2'}
chunk-CA5XWSE7.js:1 [StreamingHandlerService] processStreamEvent called: {eventType: 'message_start', sessionId: '84a4ad4c-f6cf-4029-b83c-43d10a39ceb2', messageId: 'bcdbe123-ba6e-41b1-942f-54e783f2ced2', tabId: 'tab_1766942508490_gpz5jja', providedSessionId: '84a4ad4c-f6cf-4029-b83c-43d10a39ceb2'}
chunk-CA5XWSE7.js:1 [StreamingHandlerService] findTabByTabId result: {found: true, tabId: 'tab_1766942508490_gpz5jja', targetTabClaudeSessionId: '84a4ad4c-f6cf-4029-b83c-43d10a39ceb2'}
chunk-CA5XWSE7.js:1 [StreamingHandlerService] processStreamEvent called: {eventType: 'text_delta', sessionId: '84a4ad4c-f6cf-4029-b83c-43d10a39ceb2', messageId: 'bcdbe123-ba6e-41b1-942f-54e783f2ced2', tabId: 'tab_1766942508490_gpz5jja', providedSessionId: '84a4ad4c-f6cf-4029-b83c-43d10a39ceb2'}
chunk-CA5XWSE7.js:1 [StreamingHandlerService] findTabByTabId result: {found: true, tabId: 'tab_1766942508490_gpz5jja', targetTabClaudeSessionId: '84a4ad4c-f6cf-4029-b83c-43d10a39ceb2'}
chunk-CA5XWSE7.js:1 [StreamingHandlerService] processStreamEvent called: {eventType: 'tool_start', sessionId: '84a4ad4c-f6cf-4029-b83c-43d10a39ceb2', messageId: 'bcdbe123-ba6e-41b1-942f-54e783f2ced2', tabId: 'tab_1766942508490_gpz5jja', providedSessionId: '84a4ad4c-f6cf-4029-b83c-43d10a39ceb2'}
chunk-CA5XWSE7.js:1 [StreamingHandlerService] findTabByTabId result: {found: true, tabId: 'tab_1766942508490_gpz5jja', targetTabClaudeSessionId: '84a4ad4c-f6cf-4029-b83c-43d10a39ceb2'}
chunk-CA5XWSE7.js:1 [StreamingHandlerService] processStreamEvent called: {eventType: 'tool_result', sessionId: '84a4ad4c-f6cf-4029-b83c-43d10a39ceb2', messageId: 'bcdbe123-ba6e-41b1-942f-54e783f2ced2', tabId: 'tab_1766942508490_gpz5jja', providedSessionId: '84a4ad4c-f6cf-4029-b83c-43d10a39ceb2'}
chunk-CA5XWSE7.js:1 [StreamingHandlerService] findTabByTabId result: {found: true, tabId: 'tab_1766942508490_gpz5jja', targetTabClaudeSessionId: '84a4ad4c-f6cf-4029-b83c-43d10a39ceb2'}
chunk-CA5XWSE7.js:1 [StreamingHandlerService] TOOL_RESULT received! {toolCallId: 'toolu_bdrk_019pTc2qWLo2SbiudDfeZEng', messageId: 'bcdbe123-ba6e-41b1-942f-54e783f2ced2', sessionId: '84a4ad4c-f6cf-4029-b83c-43d10a39ceb2', outputLength: 231, isError: false}
chunk-CA5XWSE7.js:1 [StreamingHandlerService] processStreamEvent called: {eventType: 'text_delta', sessionId: '84a4ad4c-f6cf-4029-b83c-43d10a39ceb2', messageId: 'bcdbe123-ba6e-41b1-942f-54e783f2ced2', tabId: 'tab_1766942508490_gpz5jja', providedSessionId: '84a4ad4c-f6cf-4029-b83c-43d10a39ceb2'}
chunk-CA5XWSE7.js:1 [StreamingHandlerService] findTabByTabId result: {found: true, tabId: 'tab_1766942508490_gpz5jja', targetTabClaudeSessionId: '84a4ad4c-f6cf-4029-b83c-43d10a39ceb2'}
chunk-CA5XWSE7.js:1 [StreamingHandlerService] processStreamEvent called: {eventType: 'tool_start', sessionId: '84a4ad4c-f6cf-4029-b83c-43d10a39ceb2', messageId: 'bcdbe123-ba6e-41b1-942f-54e783f2ced2', tabId: 'tab_1766942508490_gpz5jja', providedSessionId: '84a4ad4c-f6cf-4029-b83c-43d10a39ceb2'}
chunk-CA5XWSE7.js:1 [StreamingHandlerService] findTabByTabId result: {found: true, tabId: 'tab_1766942508490_gpz5jja', targetTabClaudeSessionId: '84a4ad4c-f6cf-4029-b83c-43d10a39ceb2'}
chunk-CA5XWSE7.js:1 [StreamingHandlerService] processStreamEvent called: {eventType: 'tool_result', sessionId: '84a4ad4c-f6cf-4029-b83c-43d10a39ceb2', messageId: 'bcdbe123-ba6e-41b1-942f-54e783f2ced2', tabId: 'tab_1766942508490_gpz5jja', providedSessionId: '84a4ad4c-f6cf-4029-b83c-43d10a39ceb2'}
chunk-CA5XWSE7.js:1 [StreamingHandlerService] findTabByTabId result: {found: true, tabId: 'tab_1766942508490_gpz5jja', targetTabClaudeSessionId: '84a4ad4c-f6cf-4029-b83c-43d10a39ceb2'}
chunk-CA5XWSE7.js:1 [StreamingHandlerService] TOOL_RESULT received! {toolCallId: 'toolu_bdrk_014xUEg4jRnRPYcq1CENNhA7', messageId: 'bcdbe123-ba6e-41b1-942f-54e783f2ced2', sessionId: '84a4ad4c-f6cf-4029-b83c-43d10a39ceb2', outputLength: 2816, isError: false}
chunk-CA5XWSE7.js:1 [StreamingHandlerService] processStreamEvent called: {eventType: 'tool_start', sessionId: '84a4ad4c-f6cf-4029-b83c-43d10a39ceb2', messageId: 'bcdbe123-ba6e-41b1-942f-54e783f2ced2', tabId: 'tab_1766942508490_gpz5jja', providedSessionId: '84a4ad4c-f6cf-4029-b83c-43d10a39ceb2'}
chunk-CA5XWSE7.js:1 [StreamingHandlerService] findTabByTabId result: {found: true, tabId: 'tab_1766942508490_gpz5jja', targetTabClaudeSessionId: '84a4ad4c-f6cf-4029-b83c-43d10a39ceb2'}
chunk-CA5XWSE7.js:1 [StreamingHandlerService] processStreamEvent called: {eventType: 'tool_result', sessionId: '84a4ad4c-f6cf-4029-b83c-43d10a39ceb2', messageId: 'bcdbe123-ba6e-41b1-942f-54e783f2ced2', tabId: 'tab_1766942508490_gpz5jja', providedSessionId: '84a4ad4c-f6cf-4029-b83c-43d10a39ceb2'}
chunk-CA5XWSE7.js:1 [StreamingHandlerService] findTabByTabId result: {found: true, tabId: 'tab_1766942508490_gpz5jja', targetTabClaudeSessionId: '84a4ad4c-f6cf-4029-b83c-43d10a39ceb2'}
chunk-CA5XWSE7.js:1 [StreamingHandlerService] TOOL_RESULT received! {toolCallId: 'toolu_bdrk_01AwMUMnTBLhCP32s9uM2bcG', messageId: 'bcdbe123-ba6e-41b1-942f-54e783f2ced2', sessionId: '84a4ad4c-f6cf-4029-b83c-43d10a39ceb2', outputLength: 16875, isError: false}
chunk-CA5XWSE7.js:1 [StreamingHandlerService] processStreamEvent called: {eventType: 'tool_start', sessionId: '84a4ad4c-f6cf-4029-b83c-43d10a39ceb2', messageId: 'bcdbe123-ba6e-41b1-942f-54e783f2ced2', tabId: 'tab_1766942508490_gpz5jja', providedSessionId: '84a4ad4c-f6cf-4029-b83c-43d10a39ceb2'}
chunk-CA5XWSE7.js:1 [StreamingHandlerService] findTabByTabId result: {found: true, tabId: 'tab_1766942508490_gpz5jja', targetTabClaudeSessionId: '84a4ad4c-f6cf-4029-b83c-43d10a39ceb2'}
chunk-CA5XWSE7.js:1 [StreamingHandlerService] processStreamEvent called: {eventType: 'tool_result', sessionId: '84a4ad4c-f6cf-4029-b83c-43d10a39ceb2', messageId: 'bcdbe123-ba6e-41b1-942f-54e783f2ced2', tabId: 'tab_1766942508490_gpz5jja', providedSessionId: '84a4ad4c-f6cf-4029-b83c-43d10a39ceb2'}
chunk-CA5XWSE7.js:1 [StreamingHandlerService] findTabByTabId result: {found: true, tabId: 'tab_1766942508490_gpz5jja', targetTabClaudeSessionId: '84a4ad4c-f6cf-4029-b83c-43d10a39ceb2'}
chunk-CA5XWSE7.js:1 [StreamingHandlerService] TOOL_RESULT received! {toolCallId: 'toolu_bdrk_016fxbDpCjb9Q1bHNoJjMQmh', messageId: 'bcdbe123-ba6e-41b1-942f-54e783f2ced2', sessionId: '84a4ad4c-f6cf-4029-b83c-43d10a39ceb2', outputLength: 2960, isError: false}
chunk-CA5XWSE7.js:1 [StreamingHandlerService] processStreamEvent called: {eventType: 'text_delta', sessionId: '84a4ad4c-f6cf-4029-b83c-43d10a39ceb2', messageId: 'bcdbe123-ba6e-41b1-942f-54e783f2ced2', tabId: 'tab_1766942508490_gpz5jja', providedSessionId: '84a4ad4c-f6cf-4029-b83c-43d10a39ceb2'}
chunk-CA5XWSE7.js:1 [StreamingHandlerService] findTabByTabId result: {found: true, tabId: 'tab_1766942508490_gpz5jja', targetTabClaudeSessionId: '84a4ad4c-f6cf-4029-b83c-43d10a39ceb2'}
chunk-CA5XWSE7.js:1 [StreamingHandlerService] processStreamEvent called: {eventType: 'message_complete', sessionId: '84a4ad4c-f6cf-4029-b83c-43d10a39ceb2', messageId: 'bcdbe123-ba6e-41b1-942f-54e783f2ced2', tabId: 'tab_1766942508490_gpz5jja', providedSessionId: '84a4ad4c-f6cf-4029-b83c-43d10a39ceb2'}
chunk-CA5XWSE7.js:1 [StreamingHandlerService] findTabByTabId result: {found: true, tabId: 'tab_1766942508490_gpz5jja', targetTabClaudeSessionId: '84a4ad4c-f6cf-4029-b83c-43d10a39ceb2'}
chunk-CA5XWSE7.js:1 [StreamingHandlerService] processStreamEvent called: {eventType: 'message_start', sessionId: '84a4ad4c-f6cf-4029-b83c-43d10a39ceb2', messageId: '3cbdecb0-a5ab-4f37-9fae-ec6b489b1259', tabId: 'tab_1766942508490_gpz5jja', providedSessionId: '84a4ad4c-f6cf-4029-b83c-43d10a39ceb2'}
chunk-CA5XWSE7.js:1 [StreamingHandlerService] findTabByTabId result: {found: true, tabId: 'tab_1766942508490_gpz5jja', targetTabClaudeSessionId: '84a4ad4c-f6cf-4029-b83c-43d10a39ceb2'}
chunk-CA5XWSE7.js:1 [StreamingHandlerService] processStreamEvent called: {eventType: 'text_delta', sessionId: '84a4ad4c-f6cf-4029-b83c-43d10a39ceb2', messageId: '3cbdecb0-a5ab-4f37-9fae-ec6b489b1259', tabId: 'tab_1766942508490_gpz5jja', providedSessionId: '84a4ad4c-f6cf-4029-b83c-43d10a39ceb2'}
chunk-CA5XWSE7.js:1 [StreamingHandlerService] findTabByTabId result: {found: true, tabId: 'tab_1766942508490_gpz5jja', targetTabClaudeSessionId: '84a4ad4c-f6cf-4029-b83c-43d10a39ceb2'}
chunk-CA5XWSE7.js:1 [StreamingHandlerService] processStreamEvent called: {eventType: 'message_complete', sessionId: '84a4ad4c-f6cf-4029-b83c-43d10a39ceb2', messageId: '3cbdecb0-a5ab-4f37-9fae-ec6b489b1259', tabId: 'tab_1766942508490_gpz5jja', providedSessionId: '84a4ad4c-f6cf-4029-b83c-43d10a39ceb2'}
chunk-CA5XWSE7.js:1 [StreamingHandlerService] findTabByTabId result: {found: true, tabId: 'tab_1766942508490_gpz5jja', targetTabClaudeSessionId: '84a4ad4c-f6cf-4029-b83c-43d10a39ceb2'}
chunk-CA5XWSE7.js:1 [StreamingHandlerService] processStreamEvent called: {eventType: 'message_start', sessionId: '84a4ad4c-f6cf-4029-b83c-43d10a39ceb2', messageId: 'f6ebf169-3d9f-4cb6-8413-4aa8fd02a792', tabId: 'tab_1766942508490_gpz5jja', providedSessionId: '84a4ad4c-f6cf-4029-b83c-43d10a39ceb2'}
chunk-CA5XWSE7.js:1 [StreamingHandlerService] findTabByTabId result: {found: true, tabId: 'tab_1766942508490_gpz5jja', targetTabClaudeSessionId: '84a4ad4c-f6cf-4029-b83c-43d10a39ceb2'}
chunk-CA5XWSE7.js:1 [StreamingHandlerService] processStreamEvent called: {eventType: 'text_delta', sessionId: '84a4ad4c-f6cf-4029-b83c-43d10a39ceb2', messageId: 'f6ebf169-3d9f-4cb6-8413-4aa8fd02a792', tabId: 'tab_1766942508490_gpz5jja', providedSessionId: '84a4ad4c-f6cf-4029-b83c-43d10a39ceb2'}
chunk-CA5XWSE7.js:1 [StreamingHandlerService] findTabByTabId result: {found: true, tabId: 'tab_1766942508490_gpz5jja', targetTabClaudeSessionId: '84a4ad4c-f6cf-4029-b83c-43d10a39ceb2'}
chunk-CA5XWSE7.js:1 [StreamingHandlerService] processStreamEvent called: {eventType: 'agent_start', sessionId: '84a4ad4c-f6cf-4029-b83c-43d10a39ceb2', messageId: 'f6ebf169-3d9f-4cb6-8413-4aa8fd02a792', tabId: 'tab_1766942508490_gpz5jja', providedSessionId: '84a4ad4c-f6cf-4029-b83c-43d10a39ceb2'}
chunk-CA5XWSE7.js:1 [StreamingHandlerService] findTabByTabId result: {found: true, tabId: 'tab_1766942508490_gpz5jja', targetTabClaudeSessionId: '84a4ad4c-f6cf-4029-b83c-43d10a39ceb2'}
chunk-CA5XWSE7.js:1 [StreamingHandlerService] processStreamEvent called: {eventType: 'message_complete', sessionId: '84a4ad4c-f6cf-4029-b83c-43d10a39ceb2', messageId: 'f6ebf169-3d9f-4cb6-8413-4aa8fd02a792', tabId: 'tab_1766942508490_gpz5jja', providedSessionId: '84a4ad4c-f6cf-4029-b83c-43d10a39ceb2'}
chunk-CA5XWSE7.js:1 [StreamingHandlerService] findTabByTabId result: {found: true, tabId: 'tab_1766942508490_gpz5jja', targetTabClaudeSessionId: '84a4ad4c-f6cf-4029-b83c-43d10a39ceb2'}
chunk-CA5XWSE7.js:1 [StreamingHandlerService] Finalizing session history {tabId: 'tab_1766942508490_gpz5jja', messageCount: 7, eventCount: 42}
chunk-CA5XWSE7.js:1 [ExecutionTreeBuilder] collectTools: {searchingForMessageId: '4e9e164f-9be7-40d9-8335-1b3867aa328d', toolStartsFound: 0, totalRootToolStarts: 8, storedToolStartMessageIds: Array(8), messageEventIds: Array(7)}
chunk-CA5XWSE7.js:1 [ExecutionTreeBuilder] collectTools: {searchingForMessageId: 'b34518b8-fea4-45f4-b688-b92495a3be86', toolStartsFound: 4, totalRootToolStarts: 8, storedToolStartMessageIds: Array(8), messageEventIds: Array(7)}
chunk-CA5XWSE7.js:1 [ExecutionTreeBuilder] buildToolNode - looking for tool_result: {toolName: 'Glob', toolCallId: 'toolu_bdrk_019pTc2qWLo2SbiudDfeZEng', foundResult: true, totalToolResultsInState: 8, toolResultToolCallIds: Array(8)}
chunk-CA5XWSE7.js:1 [ExecutionTreeBuilder] buildToolNode - looking for tool_result: {toolName: 'Read', toolCallId: 'toolu_bdrk_014xUEg4jRnRPYcq1CENNhA7', foundResult: true, totalToolResultsInState: 8, toolResultToolCallIds: Array(8)}
chunk-CA5XWSE7.js:1 [ExecutionTreeBuilder] buildToolNode - looking for tool_result: {toolName: 'Read', toolCallId: 'toolu_bdrk_01AwMUMnTBLhCP32s9uM2bcG', foundResult: true, totalToolResultsInState: 8, toolResultToolCallIds: Array(8)}
chunk-CA5XWSE7.js:1 [ExecutionTreeBuilder] buildToolNode - looking for tool_result: {toolName: 'Read', toolCallId: 'toolu_bdrk_016fxbDpCjb9Q1bHNoJjMQmh', foundResult: true, totalToolResultsInState: 8, toolResultToolCallIds: Array(8)}
chunk-CA5XWSE7.js:1 [ExecutionTreeBuilder] collectTools: {searchingForMessageId: '172380b7-4085-4e12-9347-e1b69e3b0353', toolStartsFound: 0, totalRootToolStarts: 8, storedToolStartMessageIds: Array(8), messageEventIds: Array(7)}
chunk-CA5XWSE7.js:1 [ExecutionTreeBuilder] collectTools: {searchingForMessageId: 'c8d32af4-4075-471b-9239-a71eb261b795', toolStartsFound: 0, totalRootToolStarts: 8, storedToolStartMessageIds: Array(8), messageEventIds: Array(7)}
chunk-CA5XWSE7.js:1 [ExecutionTreeBuilder] collectTools: {searchingForMessageId: 'bcdbe123-ba6e-41b1-942f-54e783f2ced2', toolStartsFound: 4, totalRootToolStarts: 8, storedToolStartMessageIds: Array(8), messageEventIds: Array(7)}
chunk-CA5XWSE7.js:1 [ExecutionTreeBuilder] buildToolNode - looking for tool_result: {toolName: 'Glob', toolCallId: 'toolu_bdrk_019pTc2qWLo2SbiudDfeZEng', foundResult: true, totalToolResultsInState: 8, toolResultToolCallIds: Array(8)}
chunk-CA5XWSE7.js:1 [ExecutionTreeBuilder] buildToolNode - looking for tool_result: {toolName: 'Read', toolCallId: 'toolu_bdrk_014xUEg4jRnRPYcq1CENNhA7', foundResult: true, totalToolResultsInState: 8, toolResultToolCallIds: Array(8)}
chunk-CA5XWSE7.js:1 [ExecutionTreeBuilder] buildToolNode - looking for tool_result: {toolName: 'Read', toolCallId: 'toolu_bdrk_01AwMUMnTBLhCP32s9uM2bcG', foundResult: true, totalToolResultsInState: 8, toolResultToolCallIds: Array(8)}
chunk-CA5XWSE7.js:1 [ExecutionTreeBuilder] buildToolNode - looking for tool_result: {toolName: 'Read', toolCallId: 'toolu_bdrk_016fxbDpCjb9Q1bHNoJjMQmh', foundResult: true, totalToolResultsInState: 8, toolResultToolCallIds: Array(8)}
chunk-CA5XWSE7.js:1 [ExecutionTreeBuilder] collectTools: {searchingForMessageId: '3cbdecb0-a5ab-4f37-9fae-ec6b489b1259', toolStartsFound: 0, totalRootToolStarts: 8, storedToolStartMessageIds: Array(8), messageEventIds: Array(7)}
chunk-CA5XWSE7.js:1 [ExecutionTreeBuilder] collectTools: {searchingForMessageId: 'f6ebf169-3d9f-4cb6-8413-4aa8fd02a792', toolStartsFound: 0, totalRootToolStarts: 8, storedToolStartMessageIds: Array(8), messageEventIds: Array(7)}
chunk-CA5XWSE7.js:1 [StreamingHandlerService] Session history finalized {tabId: 'tab_1766942508490_gpz5jja', totalMessages: 7, userMessages: 4, assistantMessages: 3}
main.js:2 [SessionLoaderService] Session loaded with execution tree {messageCount: 7}
chunk-CA5XWSE7.js:1 [TabManager] Tab state saved to localStorage
